<?xml version="1.0" encoding="UTF-8"?>
<testng-results ignored="0" total="0" passed="0" failed="0" skipped="0">
  <reporter-output>
  </reporter-output>
  <suite started-at="2024-04-30T13:58:54 AEST" name="Surefire suite" finished-at="2024-04-30T13:59:05 AEST" duration-ms="11274">
    <groups>
    </groups>
    <test started-at="2024-04-30T13:58:54 AEST" name="Surefire test" finished-at="2024-04-30T13:59:05 AEST" duration-ms="11274">
    </test> <!-- Surefire test -->
  </suite> <!-- Surefire suite -->
</testng-results>
